\BOOKMARK [-1][-]{part.1}{A The Basics}{}% 1
\BOOKMARK [0][-]{chapter.1}{Triangle Centers}{part.1}% 2
\BOOKMARK [1][-]{section.1.1}{Incenter}{chapter.1}% 3
\BOOKMARK [1][-]{section.1.2}{Centroid}{chapter.1}% 4
\BOOKMARK [1][-]{section.1.3}{Circumcenter}{chapter.1}% 5
\BOOKMARK [1][-]{section.1.4}{Orthocenter}{chapter.1}% 6
\BOOKMARK [1][-]{section.1.5}{Summary}{chapter.1}% 7
\BOOKMARK [2][-]{subsection.1.5.1}{Theory}{section.1.5}% 8
\BOOKMARK [2][-]{subsection.1.5.2}{Tips and Strategies}{section.1.5}% 9
\BOOKMARK [1][-]{section.1.6}{Exercises}{chapter.1}% 10
\BOOKMARK [2][-]{subsection.1.6.1}{Check-ins}{section.1.6}% 11
\BOOKMARK [2][-]{subsection.1.6.2}{Problems}{section.1.6}% 12
\BOOKMARK [2][-]{subsection.1.6.3}{Challenges}{section.1.6}% 13
\BOOKMARK [0][-]{chapter.2}{Angle Chasing}{part.1}% 14
\BOOKMARK [1][-]{section.2.1}{Collinearity and Concurrency}{chapter.2}% 15
\BOOKMARK [1][-]{section.2.2}{Parallel Lines}{chapter.2}% 16
\BOOKMARK [1][-]{section.2.3}{Angle Chasing in Circles}{chapter.2}% 17
\BOOKMARK [1][-]{section.2.4}{Cyclic Quadrilaterals}{chapter.2}% 18
\BOOKMARK [1][-]{section.2.5}{Examples}{chapter.2}% 19
\BOOKMARK [2][-]{subsection.2.5.1}{Computational Problems}{section.2.5}% 20
\BOOKMARK [2][-]{subsection.2.5.2}{Construct the Diagram}{section.2.5}% 21
\BOOKMARK [2][-]{subsection.2.5.3}{Tangent Angle Criterion}{section.2.5}% 22
\BOOKMARK [2][-]{subsection.2.5.4}{Orthocenter}{section.2.5}% 23
\BOOKMARK [1][-]{section.2.6}{Summary}{chapter.2}% 24
\BOOKMARK [2][-]{subsection.2.6.1}{Theory}{section.2.6}% 25
\BOOKMARK [2][-]{subsection.2.6.2}{Tips and Strategies}{section.2.6}% 26
\BOOKMARK [1][-]{section.2.7}{Exercises}{chapter.2}% 27
\BOOKMARK [2][-]{subsection.2.7.1}{Check-ins}{section.2.7}% 28
\BOOKMARK [2][-]{subsection.2.7.2}{Problems}{section.2.7}% 29
\BOOKMARK [2][-]{subsection.2.7.3}{Challenges}{section.2.7}% 30
\BOOKMARK [0][-]{chapter.3}{Power of a Point}{part.1}% 31
\BOOKMARK [1][-]{section.3.1}{Power of a Point}{chapter.3}% 32
\BOOKMARK [1][-]{section.3.2}{Bisector Lemma}{chapter.3}% 33
\BOOKMARK [1][-]{section.3.3}{Summary}{chapter.3}% 34
\BOOKMARK [2][-]{subsection.3.3.1}{Theory}{section.3.3}% 35
\BOOKMARK [2][-]{subsection.3.3.2}{Tips and Strategies}{section.3.3}% 36
\BOOKMARK [1][-]{section.3.4}{Exercises}{chapter.3}% 37
\BOOKMARK [2][-]{subsection.3.4.1}{Check-ins}{section.3.4}% 38
\BOOKMARK [2][-]{subsection.3.4.2}{Problems}{section.3.4}% 39
\BOOKMARK [1][-]{section.3.5}{Challenges}{chapter.3}% 40
\BOOKMARK [0][-]{chapter.4}{Lengths and Areas in Triangles}{part.1}% 41
\BOOKMARK [1][-]{section.4.1}{Lengths}{chapter.4}% 42
\BOOKMARK [2][-]{subsection.4.1.1}{Law of Cosines and Stewart's}{section.4.1}% 43
\BOOKMARK [2][-]{subsection.4.1.2}{Law of Sines and the Circumradius}{section.4.1}% 44
\BOOKMARK [2][-]{subsection.4.1.3}{The Incircle, Excircle, and Tangent Chasing}{section.4.1}% 45
\BOOKMARK [2][-]{subsection.4.1.4}{Concurrency with Cevians}{section.4.1}% 46
\BOOKMARK [1][-]{section.4.2}{Areas}{chapter.4}% 47
\BOOKMARK [1][-]{section.4.3}{Summary}{chapter.4}% 48
\BOOKMARK [2][-]{subsection.4.3.1}{Theory}{section.4.3}% 49
\BOOKMARK [2][-]{subsection.4.3.2}{Tips and Strategies}{section.4.3}% 50
\BOOKMARK [1][-]{section.4.4}{Exercises}{chapter.4}% 51
\BOOKMARK [2][-]{subsection.4.4.1}{Check-ins}{section.4.4}% 52
\BOOKMARK [2][-]{subsection.4.4.2}{Problems}{section.4.4}% 53
\BOOKMARK [2][-]{subsection.4.4.3}{Challenges}{section.4.4}% 54
\BOOKMARK [0][-]{chapter.5}{3D Geometry}{part.1}% 55
\BOOKMARK [1][-]{section.5.1}{Definitions}{chapter.5}% 56
\BOOKMARK [2][-]{subsection.5.1.1}{Volume}{section.5.1}% 57
\BOOKMARK [2][-]{subsection.5.1.2}{Surface Area}{section.5.1}% 58
\BOOKMARK [1][-]{section.5.2}{Prisms and Cylinders}{chapter.5}% 59
\BOOKMARK [2][-]{subsection.5.2.1}{Prisms and Cylinders}{section.5.2}% 60
\BOOKMARK [2][-]{subsection.5.2.2}{Cubes and Rectangular Prisms}{section.5.2}% 61
\BOOKMARK [2][-]{subsection.5.2.3}{Parallelepipeds}{section.5.2}% 62
\BOOKMARK [1][-]{section.5.3}{Pyramids and Cones}{chapter.5}% 63
\BOOKMARK [2][-]{subsection.5.3.1}{Pyramids}{section.5.3}% 64
\BOOKMARK [2][-]{subsection.5.3.2}{Cones}{section.5.3}% 65
\BOOKMARK [1][-]{section.5.4}{Spheres}{chapter.5}% 66
\BOOKMARK [1][-]{section.5.5}{Cross-sections}{chapter.5}% 67
\BOOKMARK [1][-]{section.5.6}{Miscellaneous Configurations}{chapter.5}% 68
\BOOKMARK [2][-]{subsection.5.6.1}{Pythagorean Theorem}{section.5.6}% 69
\BOOKMARK [2][-]{subsection.5.6.2}{Tangent Spheres}{section.5.6}% 70
\BOOKMARK [2][-]{subsection.5.6.3}{Unfolding}{section.5.6}% 71
\BOOKMARK [1][-]{section.5.7}{Summary}{chapter.5}% 72
\BOOKMARK [2][-]{subsection.5.7.1}{Theory}{section.5.7}% 73
\BOOKMARK [2][-]{subsection.5.7.2}{Tips and Tricks}{section.5.7}% 74
\BOOKMARK [1][-]{section.5.8}{Exercises}{chapter.5}% 75
\BOOKMARK [2][-]{subsection.5.8.1}{Check-ins}{section.5.8}% 76
\BOOKMARK [2][-]{subsection.5.8.2}{Problems}{section.5.8}% 77
\BOOKMARK [2][-]{subsection.5.8.3}{Challenges}{section.5.8}% 78
\BOOKMARK [0][-]{chapter.6}{Hints}{part.1}% 79
\BOOKMARK [0][-]{chapter.7}{Solutions}{part.1}% 80
