\BOOKMARK [0][-]{part.1}{I Diagnostic Discussion}{}% 1
\BOOKMARK [1][-]{section.1}{Question 1}{part.1}% 2
\BOOKMARK [2][-]{subsection.1.1}{Solution}{section.1}% 3
\BOOKMARK [1][-]{section.2}{Question 2 \(QIDb602's Memorial Mock AMC 10\)}{part.1}% 4
\BOOKMARK [2][-]{subsection.2.1}{Solution}{section.2}% 5
\BOOKMARK [1][-]{section.3}{Question 3}{part.1}% 6
\BOOKMARK [2][-]{subsection.3.1}{Solution}{section.3}% 7
\BOOKMARK [2][-]{subsection.3.2}{0 brain cells}{section.3}% 8
\BOOKMARK [1][-]{section.4}{Question 4}{part.1}% 9
\BOOKMARK [2][-]{subsection.4.1}{Solution}{section.4}% 10
\BOOKMARK [2][-]{subsection.4.2}{Summary}{section.4}% 11
\BOOKMARK [1][-]{section.5}{Question 5 \(Dennis Chen Mock AIME\)}{part.1}% 12
\BOOKMARK [2][-]{subsection.5.1}{Solution}{section.5}% 13
\BOOKMARK [1][-]{section.6}{Question 6}{part.1}% 14
\BOOKMARK [2][-]{subsection.6.1}{Solution}{section.6}% 15
\BOOKMARK [2][-]{subsection.6.2}{Dylan's generalization}{section.6}% 16
\BOOKMARK [1][-]{section.7}{Question 7}{part.1}% 17
\BOOKMARK [2][-]{subsection.7.1}{Solution}{section.7}% 18
\BOOKMARK [1][-]{section.8}{Question 8 \(e-dchen Mock MATHCOUNTS\)}{part.1}% 19
\BOOKMARK [2][-]{subsection.8.1}{Solution}{section.8}% 20
\BOOKMARK [1][-]{section.9}{Question 9}{part.1}% 21
\BOOKMARK [2][-]{subsection.9.1}{Solution}{section.9}% 22
\BOOKMARK [1][-]{section.10}{Question 10}{part.1}% 23
\BOOKMARK [2][-]{subsection.10.1}{Solution}{section.10}% 24
\BOOKMARK [1][-]{section.11}{Proof 1}{part.1}% 25
\BOOKMARK [2][-]{subsection.11.1}{Solution}{section.11}% 26
\BOOKMARK [1][-]{section.12}{Proof 2}{part.1}% 27
\BOOKMARK [2][-]{subsection.12.1}{Solution}{section.12}% 28
\BOOKMARK [1][-]{section.13}{Proof 3 \(Quite Easily Done\)}{part.1}% 29
\BOOKMARK [2][-]{subsection.13.1}{Solution}{section.13}% 30
\BOOKMARK [1][-]{section.14}{Proof 4}{part.1}% 31
\BOOKMARK [2][-]{subsection.14.1}{Interesting thing}{section.14}% 32
\BOOKMARK [2][-]{subsection.14.2}{Solution}{section.14}% 33
\BOOKMARK [0][-]{part.2}{II Quiz 1 Discussion}{}% 34
\BOOKMARK [1][-]{section.1}{Comments}{part.2}% 35
\BOOKMARK [1][-]{section.2}{Question 2 \(PUMaC Algebra/A 2017/4\)}{part.2}% 36
\BOOKMARK [2][-]{subsection.2.1}{Solution}{section.2}% 37
\BOOKMARK [1][-]{section.3}{Question 3 \(PUMaC Combo/A 2017/4\)}{part.2}% 38
\BOOKMARK [2][-]{subsection.3.1}{Solution}{section.3}% 39
\BOOKMARK [1][-]{section.4}{Question 4 \(PUMaC Algebra/A 2017/7\)}{part.2}% 40
\BOOKMARK [2][-]{subsection.4.1}{Solution}{section.4}% 41
